<?xml version="1.0" encoding="UTF-8" ?>
<testsuite tests="103" failures="0" name="org.apache.struts.taglib.TestTagUtils" time="0.163" errors="0" skipped="0">
  <properties>
[...]
</properties>
  <testcase classname="org.apache.struts.taglib.TestTagUtils" name="testMessageApplicationGoodKeyWithNullParams" time="0.01"/>
  <testcase classname="org.apache.struts.taglib.TestTagUtils" name="test_Object_lookup_PageContext_String__String3" time="0.028"/>
  <testcase classname="org.apache.struts.taglib.TestTagUtils" name="testString_getActionMappingURL_String_PageContext" time="0.001"/>
  <testcase classname="org.apache.struts.taglib.TestTagUtils" name="test_Object_lookup_PageContext_String__String1" time="0"/>
  <testcase classname="org.apache.struts.taglib.TestTagUtils" name="testComputeParametersPropertyThrowsException" time="0.041"/>
  <testcase classname="org.apache.struts.taglib.TestTagUtils" name="testMessageRequestGoodKeyWithNullParams" time="0.001"/>
  <testcase classname="org.apache.struts.taglib.TestTagUtils" name="testComputeParametersParamValueToString" time="0.001"/>
  <testcase classname="org.apache.struts.taglib.TestTagUtils" name="testMessageApplicationGoodKeyWithParams" time="0.003"/>
  <testcase classname="org.apache.struts.taglib.TestTagUtils" name="testComputeURLCharacterEncodingAction" time="0.001"/>
  <testcase classname="org.apache.struts.taglib.TestTagUtils" name="testLocale_getUserLocale_PageContext_String" time="0"/>
  <testcase classname="org.apache.struts.taglib.TestTagUtils" name="test_Object_lookup_PageContext_String__String2" time="0"/>
  <testcase classname="org.apache.struts.taglib.TestTagUtils" name="testMessageRequestGoodKeyWithParams" time="0.002"/>
  <testcase classname="org.apache.struts.taglib.TestTagUtils" name="testModuleConfig_getModuleConfig_PageContext" time="0.001"/>
  <testcase classname="org.apache.struts.taglib.TestTagUtils" name="testComputeURLCharacterEncodingMultipleSpecifier" time="0"/>
  <testcase classname="org.apache.struts.taglib.TestTagUtils" name="testComputeParameters0a" time="0"/>
  <testcase classname="org.apache.struts.taglib.TestTagUtils" name="testComputeParameters0b" time="0.001"/>
  <testcase classname="org.apache.struts.taglib.TestTagUtils" name="testComputeParametersInvalidScope" time="0"/>
  <testcase classname="org.apache.struts.taglib.TestTagUtils" name="testComputeParametersBeanNotFound" time="0"/>
  <testcase classname="org.apache.struts.taglib.TestTagUtils" name="testComputeParameters1a" time="0"/>
  <testcase classname="org.apache.struts.taglib.TestTagUtils" name="testComputeParameters1b" time="0"/>
  <testcase classname="org.apache.struts.taglib.TestTagUtils" name="testGetActionErrors1e" time="0.001"/>
  <testcase classname="org.apache.struts.taglib.TestTagUtils" name="testGetActionErrors1a" time="0"/>
  <testcase classname="org.apache.struts.taglib.TestTagUtils" name="testMessageSessionBadKey" time="0"/>
  <testcase classname="org.apache.struts.taglib.TestTagUtils" name="testComputeParameters2b" time="0"/>
  <testcase classname="org.apache.struts.taglib.TestTagUtils" name="testGetActionErrors1b" time="0"/>
  <testcase classname="org.apache.struts.taglib.TestTagUtils" name="testGetActionErrors1d" time="0"/>
  <testcase classname="org.apache.struts.taglib.TestTagUtils" name="testComputeParameters1c" time="0"/>
  <testcase classname="org.apache.struts.taglib.TestTagUtils" name="testMessageRequestBadKey" time="0.002"/>
  <testcase classname="org.apache.struts.taglib.TestTagUtils" name="testComputeParameters2a" time="0"/>
  <testcase classname="org.apache.struts.taglib.TestTagUtils" name="testComputeParameters3aa" time="0"/>
  <testcase classname="org.apache.struts.taglib.TestTagUtils" name="testMessageApplicationBadKey" time="0.001"/>
  <testcase classname="org.apache.struts.taglib.TestTagUtils" name="testOverrideInstance" time="0"/>
  <testcase classname="org.apache.struts.taglib.TestTagUtils" name="testMessageBadParams" time="0"/>
  <testcase classname="org.apache.struts.taglib.TestTagUtils" name="testGetActionMappingName1" time="0.001"/>
  <testcase classname="org.apache.struts.taglib.TestTagUtils" name="testMessageRequestGoodKey" time="0"/>
  <testcase classname="org.apache.struts.taglib.TestTagUtils" name="test_boolean_isXhtml_PageContext" time="0.001"/>
  <testcase classname="org.apache.struts.taglib.TestTagUtils" name="testComputeParameters3a" time="0"/>
  <testcase classname="org.apache.struts.taglib.TestTagUtils" name="testWriteThrowException" time="0"/>
  <testcase classname="org.apache.struts.taglib.TestTagUtils" name="testComputeParameters3b" time="0"/>
  <testcase classname="org.apache.struts.taglib.TestTagUtils" name="testComputeParameters2c" time="0"/>
  <testcase classname="org.apache.struts.taglib.TestTagUtils" name="testMessageApplicationGoodKey" time="0.001"/>
  <testcase classname="org.apache.struts.taglib.TestTagUtils" name="testWritePreviousThrowException" time="0"/>
  <testcase classname="org.apache.struts.taglib.TestTagUtils" name="testComputeParameters2d" time="0"/>
  <testcase classname="org.apache.struts.taglib.TestTagUtils" name="testWriteNullParams" time="0.001"/>
  <testcase classname="org.apache.struts.taglib.TestTagUtils" name="testGetActionErrors1c" time="0"/>
  <testcase classname="org.apache.struts.taglib.TestTagUtils" name="testWritePreviousBody" time="0"/>
  <testcase classname="org.apache.struts.taglib.TestTagUtils" name="testComputeURLCharacterEncoding" time="0"/>
  <testcase classname="org.apache.struts.taglib.TestTagUtils" name="testComputeURL1a" time="0.001"/>
  <testcase classname="org.apache.struts.taglib.TestTagUtils" name="testFilter" time="0"/>
  <testcase classname="org.apache.struts.taglib.TestTagUtils" name="testComputeURL2c" time="0"/>
  <testcase classname="org.apache.struts.taglib.TestTagUtils" name="testComputeURL3m" time="0"/>
  <testcase classname="org.apache.struts.taglib.TestTagUtils" name="testComputeURL1h" time="0"/>
  <testcase classname="org.apache.struts.taglib.TestTagUtils" name="testComputeURL3i" time="0"/>
  <testcase classname="org.apache.struts.taglib.TestTagUtils" name="testComputeURL3l" time="0"/>
  <testcase classname="org.apache.struts.taglib.TestTagUtils" name="testPageURL1" time="0"/>
  <testcase classname="org.apache.struts.taglib.TestTagUtils" name="testComputeURL2d" time="0"/>
  <testcase classname="org.apache.struts.taglib.TestTagUtils" name="testComputeURL1f" time="0"/>
  <testcase classname="org.apache.struts.taglib.TestTagUtils" name="testComputeURL2g" time="0"/>
  <testcase classname="org.apache.struts.taglib.TestTagUtils" name="testComputeURL3a" time="0"/>
  <testcase classname="org.apache.struts.taglib.TestTagUtils" name="testComputeURL2e" time="0"/>
  <testcase classname="org.apache.struts.taglib.TestTagUtils" name="testComputeURL2f" time="0"/>
  <testcase classname="org.apache.struts.taglib.TestTagUtils" name="testComputeURL3b" time="0"/>
  <testcase classname="org.apache.struts.taglib.TestTagUtils" name="testComputeURL3e" time="0"/>
  <testcase classname="org.apache.struts.taglib.TestTagUtils" name="testComputeURL1c" time="0"/>
  <testcase classname="org.apache.struts.taglib.TestTagUtils" name="testComputeURL3g" time="0"/>
  <testcase classname="org.apache.struts.taglib.TestTagUtils" name="testComputeURL2h" time="0.001"/>
  <testcase classname="org.apache.struts.taglib.TestTagUtils" name="testComputeURL3f" time="0"/>
  <testcase classname="org.apache.struts.taglib.TestTagUtils" name="testComputeURL2b" time="0"/>
  <testcase classname="org.apache.struts.taglib.TestTagUtils" name="testComputeURL1g" time="0"/>
  <testcase classname="org.apache.struts.taglib.TestTagUtils" name="testComputeURL3h" time="0"/>
  <testcase classname="org.apache.struts.taglib.TestTagUtils" name="testComputeURL3k" time="0"/>
  <testcase classname="org.apache.struts.taglib.TestTagUtils" name="testComputeURL2a" time="0"/>
  <testcase classname="org.apache.struts.taglib.TestTagUtils" name="testComputeURL3c" time="0"/>
  <testcase classname="org.apache.struts.taglib.TestTagUtils" name="testComputeURL1d" time="0"/>
  <testcase classname="org.apache.struts.taglib.TestTagUtils" name="testComputeURL1e" time="0.001"/>
  <testcase classname="org.apache.struts.taglib.TestTagUtils" name="testComputeURL3d" time="0"/>
  <testcase classname="org.apache.struts.taglib.TestTagUtils" name="testComputeURL3j" time="0"/>
  <testcase classname="org.apache.struts.taglib.TestTagUtils" name="testComputeURL1b" time="0"/>
  <testcase classname="org.apache.struts.taglib.TestTagUtils" name="testPageURL3a" time="0"/>
  <testcase classname="org.apache.struts.taglib.TestTagUtils" name="testPageURL3b" time="0"/>
  <testcase classname="org.apache.struts.taglib.TestTagUtils" name="testencodeURL1" time="0"/>
  <testcase classname="org.apache.struts.taglib.TestTagUtils" name="testPageURL2" time="0"/>
  <testcase classname="org.apache.struts.taglib.TestTagUtils" name="testPresentGoodKey" time="0.001"/>
  <testcase classname="org.apache.struts.taglib.TestTagUtils" name="testWrite" time="0"/>
  <testcase classname="org.apache.struts.taglib.TestTagUtils" name="testPresentBadKey" time="0.001"/>
  <testcase classname="org.apache.struts.taglib.TestTagUtils" name="testPresentNulls" time="0.001"/>
  <testcase classname="org.apache.struts.taglib.TestTagUtils" name="testWritePrevious" time="0"/>
  <testcase classname="org.apache.struts.taglib.TestTagUtils" name="test_Object_lookup_PageContext_String_String_String1" time="0"/>
  <testcase classname="org.apache.struts.taglib.TestTagUtils" name="testString_getActionMappingURL_String_String_PageContext_boolean4" time="0.001"/>
  <testcase classname="org.apache.struts.taglib.TestTagUtils" name="testString_getActionMappingURL_String_String_PageContext_boolean2" time="0"/>
  <testcase classname="org.apache.struts.taglib.TestTagUtils" name="testString_getActionMappingURL_String_String_PageContext_boolean1" time="0"/>
  <testcase classname="org.apache.struts.taglib.TestTagUtils" name="testString_getActionMappingURL_String_String_PageContext_boolean6" time="0"/>
  <testcase classname="org.apache.struts.taglib.TestTagUtils" name="testActionMessages_getActionMessages_PageContext_String6" time="0"/>
  <testcase classname="org.apache.struts.taglib.TestTagUtils" name="testActionMessages_getActionMessages_PageContext_String3" time="0"/>
  <testcase classname="org.apache.struts.taglib.TestTagUtils" name="testActionMessages_getActionMessages_PageContext_String5" time="0"/>
  <testcase classname="org.apache.struts.taglib.TestTagUtils" name="testActionMessages_getActionMessages_PageContext_String2" time="0"/>
  <testcase classname="org.apache.struts.taglib.TestTagUtils" name="testActionMessages_getActionMessages_PageContext_String1" time="0"/>
  <testcase classname="org.apache.struts.taglib.TestTagUtils" name="testActionMessages_getActionMessages_PageContext_String4" time="0.001"/>
  <testcase classname="org.apache.struts.taglib.TestTagUtils" name="test_Object_lookup_PageContext_String_String_String2" time="0.002"/>
  <testcase classname="org.apache.struts.taglib.TestTagUtils" name="testString_getActionMappingURL_String_String_PageContext_boolean3" time="0"/>
  <testcase classname="org.apache.struts.taglib.TestTagUtils" name="test_Object_lookup_PageContext_String_String_String3" time="0"/>
  <testcase classname="org.apache.struts.taglib.TestTagUtils" name="testComputeParametersParamIdParamPropThrowException" time="0"/>
  <testcase classname="org.apache.struts.taglib.TestTagUtils" name="testString_getActionMappingURL_String_String_PageContext_boolean5" time="0"/>
</testsuite>